<?xml version="1.0" encoding="UTF-8" ?>
<testsuite tests="4" failures="0" name="com.company.AccountRecordTest" time="0.008" errors="0" skipped="0">
  <properties>
[...]
</properties>
  <testcase classname="com.company.AccountRecordTest" name="setCharge" time="0.008"/>
  <testcase classname="com.company.AccountRecordTest" name="getCharge" time="0"/>
  <testcase classname="com.company.AccountRecordTest" name="getChargeDate" time="0"/>
  <testcase classname="com.company.AccountRecordTest" name="setChargeDate" time="0"/>
</testsuite>